<?xml version="1.0" encoding="UTF-8"?>
<!-- Generated by org.testng.reporters.JUnitXMLReporter -->
<testsuite hostname="rakesh-PC" ignored="0" name="Test" tests="1" failures="1" timestamp="09 Dec 2018 06:47:52 GMT" time="17.459" errors="0">
  <testcase name="tc_4" time="11.389" classname="com.testscripts.TC_4">
    <failure type="java.lang.AssertionError" message="expected [Username or Password is invalid. Please] but found [Username or Password is invalid. Please try again.]">
      <![CDATA[java.lang.AssertionError: expected [Username or Password is invalid. Please] but found [Username or Password is invalid. Please try again.]
at com.testscripts.TC_4.tc_4(TC_4.java:36)
... Removed 31 stack frames]]>
    </failure>
  </testcase> <!-- tc_4 -->
</testsuite> <!-- Test -->
